<?xml version="1.0" encoding="UTF-8"?>
<!-- Generated by org.testng.reporters.JUnitReportReporter -->
<testsuite hostname="DESKTOP-OH56QJU" failures="0" tests="4" name="Day1.httpRequests" time="3.741" errors="0" timestamp="2023-03-29T17:47:14 IST" skipped="0">
  <testcase classname="Day1.httpRequests" name="getUsers" time="2.295"/>
  <system-out/>
  <testcase classname="Day1.httpRequests" name="createUser" time="0.735"/>
  <system-out/>
  <testcase classname="Day1.httpRequests" name="updateUser" time="0.362"/>
  <system-out/>
  <testcase classname="Day1.httpRequests" name="deleteUser" time="0.349"/>
  <system-out/>
</testsuite> <!-- Day1.httpRequests -->
